Using pre-set license
Built from '2020.2/staging' branch; Version is '2020.2.5f1 (e2c53f129de5) revision 14861631'; Using compiler version '192528614'; Build Type 'Release'
OS: 'Windows 10 Pro; OS build 18363.1379; Version 1909; 64bit' Language: 'en' Physical Memory: 24543 MB
BatchMode: 1, IsHumanControllingUs: 0, StartBugReporterOnCrash: 0, Is64bit: 1, IsPro: 0

 COMMAND LINE ARGUMENTS:
C:\Program Files\Unity\2020.2.5f1\Editor\Unity.exe
-adb2
-batchMode
-noUpm
-name
AssetImportWorker1
-projectPath
C:/Users/orion/Abocatto
-logFile
Logs/AssetImportWorker1.log
-srvPort
58992
Successfully changed project path to: C:/Users/orion/Abocatto
C:/Users/orion/Abocatto
Using Asset Import Pipeline V2.
Refreshing native plugins compatible for Editor in 91.29 ms, found 1 plugins.
Preloading 0 native plugins for Editor in 0.00 ms.
Initialize engine version: 2020.2.5f1 (e2c53f129de5)
[Subsystems] Discovering subsystems at path C:/Program Files/Unity/2020.2.5f1/Editor/Data/Resources/UnitySubsystems
[Subsystems] Discovering subsystems at path C:/Users/orion/Abocatto/Assets
GfxDevice: creating device client; threaded=0
Direct3D:
    Version:  Direct3D 11.0 [level 11.1]
    Renderer: NVIDIA GeForce GTX 1050 Ti (ID=0x1c82)
    Vendor:   
    VRAM:     4018 MB
    Driver:   27.21.14.6172
Shader 'Universal Render Pipeline/Particles/Lit': fallback shader 'Universal Render Pipeline/Particles/SimpleLit' not found
Initialize mono
Mono path[0] = 'C:/Program Files/Unity/2020.2.5f1/Editor/Data/Managed'
Mono path[1] = 'C:/Program Files/Unity/2020.2.5f1/Editor/Data/MonoBleedingEdge/lib/mono/unityjit'
Mono config path = 'C:/Program Files/Unity/2020.2.5f1/Editor/Data/MonoBleedingEdge/etc'
Using monoOptions --debugger-agent=transport=dt_socket,embedding=1,server=y,suspend=n,address=127.0.0.1:56584
Begin MonoManager ReloadAssembly
Registering precompiled unity dll's ...
Register platform support module: C:/Program Files/Unity/2020.2.5f1/Editor/Data/PlaybackEngines/WindowsStandaloneSupport/UnityEditor.WindowsStandalone.Extensions.dll
Registered in 0.003481 seconds.
Native extension for WindowsStandalone target not found
Refreshing native plugins compatible for Editor in 90.23 ms, found 1 plugins.
Preloading 0 native plugins for Editor in 0.00 ms.
Invoked RoslynAnalysisRunner static constructor.
RoslynAnalysisRunner will not be running.
RoslynAnalysisRunner has terminated.
Mono: successfully reloaded assembly
- Completed reload, in  3.461 seconds
Platform modules already initialized, skipping
Registering precompiled user dll's ...
Registered in 0.002722 seconds.
Begin MonoManager ReloadAssembly
Native extension for WindowsStandalone target not found
Refreshing native plugins compatible for Editor in 93.31 ms, found 1 plugins.
Preloading 0 native plugins for Editor in 0.00 ms.
Invoked RoslynAnalysisRunner static constructor.
RoslynAnalysisRunner will not be running.
RoslynAnalysisRunner has terminated.
Mono: successfully reloaded assembly
- Completed reload, in  1.780 seconds
Platform modules already initialized, skipping
========================================================================
Worker process is ready to serve import requests
Shader 'Universal Render Pipeline/Particles/Lit': fallback shader 'Universal Render Pipeline/Particles/SimpleLit' not found
Launched and connected shader compiler UnityShaderCompiler.exe after 0.08 seconds
Refreshing native plugins compatible for Editor in 0.77 ms, found 1 plugins.
Preloading 0 native plugins for Editor in 0.00 ms.
Unloading 2940 Unused Serialized files (Serialized files now loaded: 0)
System memory in use before: 199.3 MB.
System memory in use after: 199.5 MB.

Unloading 20 unused Assets to reduce memory usage. Loaded Objects now: 3389.
Total: 3.606400 ms (FindLiveObjects: 0.554200 ms CreateObjectMapping: 0.156500 ms MarkObjects: 2.769300 ms  DeleteObjects: 0.125300 ms)

========================================================================
Received Import Request.
  path: Assets/Scenes
  artifactKey: Guid(b81fe09ecd6728f4da779e7d1d306c54) Importer(815301076,1909f56bfc062723c751e8b465ee728b)
Start importing Assets/Scenes using Guid(b81fe09ecd6728f4da779e7d1d306c54) Importer(815301076,1909f56bfc062723c751e8b465ee728b)  -> (artifact id: 'd7d1e1e32651f2c830055c2c045350be') in 0.016304 seconds
  Import took 0.022543 seconds .

========================================================================
Received Import Request.
  Time since last request: 6.363478 seconds.
  path: Assets/Scenes/Intro.unity
  artifactKey: Guid(90eb488df01647f4dade30239e65068e) Importer(815301076,1909f56bfc062723c751e8b465ee728b)
Start importing Assets/Scenes/Intro.unity using Guid(90eb488df01647f4dade30239e65068e) Importer(815301076,1909f56bfc062723c751e8b465ee728b)  -> (artifact id: '83873d19338fa37501ccc83c1adb28d9') in 0.026543 seconds
  Import took 0.033549 seconds .

========================================================================
Received Import Request.
  Time since last request: 0.003770 seconds.
  path: Assets/Scenes/Intro.unity
  artifactKey: Guid(90eb488df01647f4dade30239e65068e) Importer(815301076,1909f56bfc062723c751e8b465ee728b)
Start importing Assets/Scenes/Intro.unity using Guid(90eb488df01647f4dade30239e65068e) Importer(815301076,1909f56bfc062723c751e8b465ee728b)  -> (artifact id: '83873d19338fa37501ccc83c1adb28d9') in 0.005426 seconds
  Import took 0.011963 seconds .

========================================================================
Received Import Request.
  Time since last request: 167.079723 seconds.
  path: Assets/Scenes/Game.unity
  artifactKey: Guid(2cda990e2423bbf4892e6590ba056729) Importer(815301076,1909f56bfc062723c751e8b465ee728b)
Start importing Assets/Scenes/Game.unity using Guid(2cda990e2423bbf4892e6590ba056729) Importer(815301076,1909f56bfc062723c751e8b465ee728b)  -> (artifact id: 'b2f809bfa779f7e6e7c170a0f6ba32b0') in 0.012935 seconds
  Import took 0.019450 seconds .

========================================================================
Received Import Request.
  Time since last request: 25.576861 seconds.
  path: Assets/Scenes/Intro.unity
  artifactKey: Guid(90eb488df01647f4dade30239e65068e) Importer(815301076,1909f56bfc062723c751e8b465ee728b)
Start importing Assets/Scenes/Intro.unity using Guid(90eb488df01647f4dade30239e65068e) Importer(815301076,1909f56bfc062723c751e8b465ee728b)  -> (artifact id: 'be8bf036a834cdab59dab0009817d20d') in 0.006418 seconds
  Import took 0.013479 seconds .

========================================================================
Received Prepare
Registering precompiled user dll's ...
Registered in 0.003161 seconds.
Begin MonoManager ReloadAssembly
Native extension for WindowsStandalone target not found
Refreshing native plugins compatible for Editor in 0.82 ms, found 1 plugins.
Preloading 0 native plugins for Editor in 0.00 ms.
Invoked RoslynAnalysisRunner static constructor.
RoslynAnalysisRunner will not be running.
RoslynAnalysisRunner has terminated.
Mono: successfully reloaded assembly
- Completed reload, in  1.846 seconds
Platform modules already initialized, skipping
Shader 'Universal Render Pipeline/Particles/Lit': fallback shader 'Universal Render Pipeline/Particles/SimpleLit' not found
Refreshing native plugins compatible for Editor in 0.78 ms, found 1 plugins.
Preloading 0 native plugins for Editor in 0.00 ms.
Unloading 2826 Unused Serialized files (Serialized files now loaded: 0)
System memory in use before: 193.1 MB.
System memory in use after: 193.3 MB.

Unloading 8 unused Assets to reduce memory usage. Loaded Objects now: 3392.
Total: 4.400900 ms (FindLiveObjects: 0.670000 ms CreateObjectMapping: 0.160800 ms MarkObjects: 3.538600 ms  DeleteObjects: 0.029600 ms)

========================================================================
Received Prepare
Registering precompiled user dll's ...
Registered in 0.003073 seconds.
Begin MonoManager ReloadAssembly
Native extension for WindowsStandalone target not found
Refreshing native plugins compatible for Editor in 1.05 ms, found 1 plugins.
Preloading 0 native plugins for Editor in 0.00 ms.
Invoked RoslynAnalysisRunner static constructor.
RoslynAnalysisRunner will not be running.
RoslynAnalysisRunner has terminated.
Mono: successfully reloaded assembly
- Completed reload, in  1.672 seconds
Platform modules already initialized, skipping
Shader 'Universal Render Pipeline/Particles/Lit': fallback shader 'Universal Render Pipeline/Particles/SimpleLit' not found
Refreshing native plugins compatible for Editor in 0.82 ms, found 1 plugins.
Preloading 0 native plugins for Editor in 0.00 ms.
Unloading 2826 Unused Serialized files (Serialized files now loaded: 0)
System memory in use before: 193.2 MB.
System memory in use after: 193.4 MB.

Unloading 8 unused Assets to reduce memory usage. Loaded Objects now: 3395.
Total: 4.382900 ms (FindLiveObjects: 0.724400 ms CreateObjectMapping: 0.198000 ms MarkObjects: 3.423100 ms  DeleteObjects: 0.035200 ms)

========================================================================
Received Import Request.
  Time since last request: 1498.951226 seconds.
  path: Assets/Animation/TEXTOINTRO.anim
  artifactKey: Guid(0499284ad72e6f74abf3b63660df19b4) Importer(815301076,1909f56bfc062723c751e8b465ee728b)
Start importing Assets/Animation/TEXTOINTRO.anim using Guid(0499284ad72e6f74abf3b63660df19b4) Importer(815301076,1909f56bfc062723c751e8b465ee728b)  -> (artifact id: '04d79878075b28deb16772bae1471aaa') in 0.067162 seconds
  Import took 0.073630 seconds .

========================================================================
Received Import Request.
  Time since last request: 1.452598 seconds.
  path: Assets/Animation/TEXTINTRO.anim
  artifactKey: Guid(0499284ad72e6f74abf3b63660df19b4) Importer(815301076,1909f56bfc062723c751e8b465ee728b)
Start importing Assets/Animation/TEXTINTRO.anim using Guid(0499284ad72e6f74abf3b63660df19b4) Importer(815301076,1909f56bfc062723c751e8b465ee728b)  -> (artifact id: '23f8efc4e33ebfa2550daa1f5acc8cb3') in 0.015861 seconds
  Import took 0.023836 seconds .

========================================================================
Received Prepare
Registering precompiled user dll's ...
Registered in 0.003491 seconds.
Begin MonoManager ReloadAssembly
Native extension for WindowsStandalone target not found
Refreshing native plugins compatible for Editor in 0.79 ms, found 1 plugins.
Preloading 0 native plugins for Editor in 0.00 ms.
Invoked RoslynAnalysisRunner static constructor.
RoslynAnalysisRunner will not be running.
RoslynAnalysisRunner has terminated.
Mono: successfully reloaded assembly
- Completed reload, in  1.641 seconds
Platform modules already initialized, skipping
Shader 'Universal Render Pipeline/Particles/Lit': fallback shader 'Universal Render Pipeline/Particles/SimpleLit' not found
Refreshing native plugins compatible for Editor in 0.81 ms, found 1 plugins.
Preloading 0 native plugins for Editor in 0.00 ms.
Unloading 2826 Unused Serialized files (Serialized files now loaded: 0)
System memory in use before: 193.2 MB.
System memory in use after: 193.4 MB.

Unloading 8 unused Assets to reduce memory usage. Loaded Objects now: 3398.
Total: 3.604100 ms (FindLiveObjects: 0.572300 ms CreateObjectMapping: 0.161700 ms MarkObjects: 2.843500 ms  DeleteObjects: 0.025200 ms)

========================================================================
Received Prepare
Registering precompiled user dll's ...
Registered in 0.003827 seconds.
Begin MonoManager ReloadAssembly
Native extension for WindowsStandalone target not found
Refreshing native plugins compatible for Editor in 0.85 ms, found 1 plugins.
Preloading 0 native plugins for Editor in 0.00 ms.
Invoked RoslynAnalysisRunner static constructor.
RoslynAnalysisRunner will not be running.
RoslynAnalysisRunner has terminated.
Mono: successfully reloaded assembly
- Completed reload, in  1.554 seconds
Platform modules already initialized, skipping
Shader 'Universal Render Pipeline/Particles/Lit': fallback shader 'Universal Render Pipeline/Particles/SimpleLit' not found
Refreshing native plugins compatible for Editor in 0.78 ms, found 1 plugins.
Preloading 0 native plugins for Editor in 0.00 ms.
Unloading 2826 Unused Serialized files (Serialized files now loaded: 0)
System memory in use before: 193.2 MB.
System memory in use after: 193.5 MB.

Unloading 8 unused Assets to reduce memory usage. Loaded Objects now: 3401.
Total: 3.504500 ms (FindLiveObjects: 0.575500 ms CreateObjectMapping: 0.156300 ms MarkObjects: 2.748600 ms  DeleteObjects: 0.023000 ms)

========================================================================
Received Prepare
Registering precompiled user dll's ...
Registered in 0.006393 seconds.
Begin MonoManager ReloadAssembly
Native extension for WindowsStandalone target not found
Refreshing native plugins compatible for Editor in 0.85 ms, found 1 plugins.
Preloading 0 native plugins for Editor in 0.00 ms.
Invoked RoslynAnalysisRunner static constructor.
RoslynAnalysisRunner will not be running.
RoslynAnalysisRunner has terminated.
Mono: successfully reloaded assembly
- Completed reload, in  2.107 seconds
Platform modules already initialized, skipping
Shader 'Universal Render Pipeline/Particles/Lit': fallback shader 'Universal Render Pipeline/Particles/SimpleLit' not found
Refreshing native plugins compatible for Editor in 0.97 ms, found 1 plugins.
Preloading 0 native plugins for Editor in 0.00 ms.
Unloading 2826 Unused Serialized files (Serialized files now loaded: 0)
System memory in use before: 193.2 MB.
System memory in use after: 193.5 MB.

Unloading 8 unused Assets to reduce memory usage. Loaded Objects now: 3404.
Total: 4.398000 ms (FindLiveObjects: 0.657600 ms CreateObjectMapping: 0.175700 ms MarkObjects: 3.531600 ms  DeleteObjects: 0.030900 ms)

========================================================================
Received Prepare
Registering precompiled user dll's ...
Registered in 0.003029 seconds.
Begin MonoManager ReloadAssembly
Native extension for WindowsStandalone target not found
Refreshing native plugins compatible for Editor in 0.86 ms, found 1 plugins.
Preloading 0 native plugins for Editor in 0.00 ms.
Invoked RoslynAnalysisRunner static constructor.
RoslynAnalysisRunner will not be running.
RoslynAnalysisRunner has terminated.
Mono: successfully reloaded assembly
- Completed reload, in  1.605 seconds
Platform modules already initialized, skipping
Shader 'Universal Render Pipeline/Particles/Lit': fallback shader 'Universal Render Pipeline/Particles/SimpleLit' not found
Refreshing native plugins compatible for Editor in 0.82 ms, found 1 plugins.
Preloading 0 native plugins for Editor in 0.00 ms.
Unloading 2826 Unused Serialized files (Serialized files now loaded: 0)
System memory in use before: 193.3 MB.
System memory in use after: 193.5 MB.

Unloading 8 unused Assets to reduce memory usage. Loaded Objects now: 3407.
Total: 3.701500 ms (FindLiveObjects: 0.553600 ms CreateObjectMapping: 0.147500 ms MarkObjects: 2.968800 ms  DeleteObjects: 0.030000 ms)

========================================================================
Received Prepare
Registering precompiled user dll's ...
Registered in 0.003107 seconds.
Begin MonoManager ReloadAssembly
Native extension for WindowsStandalone target not found
Refreshing native plugins compatible for Editor in 0.80 ms, found 1 plugins.
Preloading 0 native plugins for Editor in 0.00 ms.
Invoked RoslynAnalysisRunner static constructor.
RoslynAnalysisRunner will not be running.
RoslynAnalysisRunner has terminated.
Mono: successfully reloaded assembly
- Completed reload, in  1.666 seconds
Platform modules already initialized, skipping
Shader 'Universal Render Pipeline/Particles/Lit': fallback shader 'Universal Render Pipeline/Particles/SimpleLit' not found
Refreshing native plugins compatible for Editor in 0.80 ms, found 1 plugins.
Preloading 0 native plugins for Editor in 0.00 ms.
Unloading 2826 Unused Serialized files (Serialized files now loaded: 0)
System memory in use before: 193.3 MB.
System memory in use after: 193.5 MB.

Unloading 8 unused Assets to reduce memory usage. Loaded Objects now: 3410.
Total: 3.971300 ms (FindLiveObjects: 0.627300 ms CreateObjectMapping: 0.177400 ms MarkObjects: 3.138000 ms  DeleteObjects: 0.027100 ms)

========================================================================
Received Prepare
Registering precompiled user dll's ...
Registered in 0.003031 seconds.
Begin MonoManager ReloadAssembly
Native extension for WindowsStandalone target not found
Refreshing native plugins compatible for Editor in 0.80 ms, found 1 plugins.
Preloading 0 native plugins for Editor in 0.00 ms.
Invoked RoslynAnalysisRunner static constructor.
RoslynAnalysisRunner will not be running.
RoslynAnalysisRunner has terminated.
Mono: successfully reloaded assembly
- Completed reload, in  1.645 seconds
Platform modules already initialized, skipping
Shader 'Universal Render Pipeline/Particles/Lit': fallback shader 'Universal Render Pipeline/Particles/SimpleLit' not found
Refreshing native plugins compatible for Editor in 0.83 ms, found 1 plugins.
Preloading 0 native plugins for Editor in 0.00 ms.
Unloading 2826 Unused Serialized files (Serialized files now loaded: 0)
System memory in use before: 193.3 MB.
System memory in use after: 193.5 MB.

Unloading 8 unused Assets to reduce memory usage. Loaded Objects now: 3413.
Total: 3.969000 ms (FindLiveObjects: 0.572700 ms CreateObjectMapping: 0.158900 ms MarkObjects: 3.212300 ms  DeleteObjects: 0.023800 ms)

========================================================================
Received Prepare
Registering precompiled user dll's ...
Registered in 0.003089 seconds.
Begin MonoManager ReloadAssembly
Native extension for WindowsStandalone target not found
Refreshing native plugins compatible for Editor in 0.81 ms, found 1 plugins.
Preloading 0 native plugins for Editor in 0.00 ms.
Invoked RoslynAnalysisRunner static constructor.
RoslynAnalysisRunner will not be running.
RoslynAnalysisRunner has terminated.
Mono: successfully reloaded assembly
- Completed reload, in  1.621 seconds
Platform modules already initialized, skipping
Shader 'Universal Render Pipeline/Particles/Lit': fallback shader 'Universal Render Pipeline/Particles/SimpleLit' not found
Refreshing native plugins compatible for Editor in 0.79 ms, found 1 plugins.
Preloading 0 native plugins for Editor in 0.00 ms.
Unloading 2826 Unused Serialized files (Serialized files now loaded: 0)
System memory in use before: 193.3 MB.
System memory in use after: 193.5 MB.

Unloading 8 unused Assets to reduce memory usage. Loaded Objects now: 3416.
Total: 3.443100 ms (FindLiveObjects: 0.581900 ms CreateObjectMapping: 0.150200 ms MarkObjects: 2.683100 ms  DeleteObjects: 0.026400 ms)

========================================================================
Received Import Request.
  Time since last request: 1041.664441 seconds.
  path: Assets/Scenes/Intro.unity
  artifactKey: Guid(90eb488df01647f4dade30239e65068e) Importer(815301076,1909f56bfc062723c751e8b465ee728b)
Start importing Assets/Scenes/Intro.unity using Guid(90eb488df01647f4dade30239e65068e) Importer(815301076,1909f56bfc062723c751e8b465ee728b)  -> (artifact id: '881ebe5d69e5758cf8a1bda55ba5af6f') in 0.024341 seconds
  Import took 0.030737 seconds .

========================================================================
Received Prepare
Registering precompiled user dll's ...
Registered in 0.003261 seconds.
Begin MonoManager ReloadAssembly
Native extension for WindowsStandalone target not found
Refreshing native plugins compatible for Editor in 0.84 ms, found 1 plugins.
Preloading 0 native plugins for Editor in 0.00 ms.
Invoked RoslynAnalysisRunner static constructor.
RoslynAnalysisRunner will not be running.
RoslynAnalysisRunner has terminated.
Mono: successfully reloaded assembly
- Completed reload, in  1.578 seconds
Platform modules already initialized, skipping
Shader 'Universal Render Pipeline/Particles/Lit': fallback shader 'Universal Render Pipeline/Particles/SimpleLit' not found
Refreshing native plugins compatible for Editor in 0.83 ms, found 1 plugins.
Preloading 0 native plugins for Editor in 0.00 ms.
Unloading 2826 Unused Serialized files (Serialized files now loaded: 0)
System memory in use before: 193.3 MB.
System memory in use after: 193.5 MB.

Unloading 8 unused Assets to reduce memory usage. Loaded Objects now: 3419.
Total: 3.588000 ms (FindLiveObjects: 0.559900 ms CreateObjectMapping: 0.152900 ms MarkObjects: 2.846800 ms  DeleteObjects: 0.027400 ms)

========================================================================
Received Prepare
Registering precompiled user dll's ...
Registered in 0.002895 seconds.
Begin MonoManager ReloadAssembly
Native extension for WindowsStandalone target not found
Refreshing native plugins compatible for Editor in 0.80 ms, found 1 plugins.
Preloading 0 native plugins for Editor in 0.00 ms.
Invoked RoslynAnalysisRunner static constructor.
RoslynAnalysisRunner will not be running.
RoslynAnalysisRunner has terminated.
Mono: successfully reloaded assembly
- Completed reload, in  1.631 seconds
Platform modules already initialized, skipping
Shader 'Universal Render Pipeline/Particles/Lit': fallback shader 'Universal Render Pipeline/Particles/SimpleLit' not found
Refreshing native plugins compatible for Editor in 0.82 ms, found 1 plugins.
Preloading 0 native plugins for Editor in 0.00 ms.
Unloading 2826 Unused Serialized files (Serialized files now loaded: 0)
System memory in use before: 193.3 MB.
System memory in use after: 193.5 MB.

Unloading 8 unused Assets to reduce memory usage. Loaded Objects now: 3422.
Total: 3.544100 ms (FindLiveObjects: 0.584700 ms CreateObjectMapping: 0.165400 ms MarkObjects: 2.770600 ms  DeleteObjects: 0.022000 ms)

========================================================================
Received Prepare
Registering precompiled user dll's ...
Registered in 0.003062 seconds.
Begin MonoManager ReloadAssembly
Native extension for WindowsStandalone target not found
Refreshing native plugins compatible for Editor in 0.86 ms, found 1 plugins.
Preloading 0 native plugins for Editor in 0.00 ms.
Invoked RoslynAnalysisRunner static constructor.
RoslynAnalysisRunner will not be running.
RoslynAnalysisRunner has terminated.
Mono: successfully reloaded assembly
- Completed reload, in  1.629 seconds
Platform modules already initialized, skipping
Shader 'Universal Render Pipeline/Particles/Lit': fallback shader 'Universal Render Pipeline/Particles/SimpleLit' not found
Refreshing native plugins compatible for Editor in 0.79 ms, found 1 plugins.
Preloading 0 native plugins for Editor in 0.00 ms.
Unloading 2826 Unused Serialized files (Serialized files now loaded: 0)
System memory in use before: 193.3 MB.
System memory in use after: 193.5 MB.

Unloading 8 unused Assets to reduce memory usage. Loaded Objects now: 3425.
Total: 3.726400 ms (FindLiveObjects: 0.594900 ms CreateObjectMapping: 0.149300 ms MarkObjects: 2.951100 ms  DeleteObjects: 0.029500 ms)

========================================================================
Received Prepare
Registering precompiled user dll's ...
Registered in 0.002957 seconds.
Begin MonoManager ReloadAssembly
Native extension for WindowsStandalone target not found
Refreshing native plugins compatible for Editor in 0.83 ms, found 1 plugins.
Preloading 0 native plugins for Editor in 0.00 ms.
Invoked RoslynAnalysisRunner static constructor.
RoslynAnalysisRunner will not be running.
RoslynAnalysisRunner has terminated.
Mono: successfully reloaded assembly
- Completed reload, in  1.691 seconds
Platform modules already initialized, skipping
Shader 'Universal Render Pipeline/Particles/Lit': fallback shader 'Universal Render Pipeline/Particles/SimpleLit' not found
Refreshing native plugins compatible for Editor in 1.10 ms, found 1 plugins.
Preloading 0 native plugins for Editor in 0.00 ms.
Unloading 2826 Unused Serialized files (Serialized files now loaded: 0)
System memory in use before: 193.3 MB.
System memory in use after: 193.5 MB.

Unloading 8 unused Assets to reduce memory usage. Loaded Objects now: 3428.
Total: 3.661600 ms (FindLiveObjects: 0.570300 ms CreateObjectMapping: 0.154700 ms MarkObjects: 2.911400 ms  DeleteObjects: 0.023700 ms)

========================================================================
Received Prepare
Registering precompiled user dll's ...
Registered in 0.003450 seconds.
Begin MonoManager ReloadAssembly
Native extension for WindowsStandalone target not found
Refreshing native plugins compatible for Editor in 0.79 ms, found 1 plugins.
Preloading 0 native plugins for Editor in 0.00 ms.
Invoked RoslynAnalysisRunner static constructor.
RoslynAnalysisRunner will not be running.
RoslynAnalysisRunner has terminated.
Mono: successfully reloaded assembly
- Completed reload, in  1.782 seconds
Platform modules already initialized, skipping
Shader 'Universal Render Pipeline/Particles/Lit': fallback shader 'Universal Render Pipeline/Particles/SimpleLit' not found
Refreshing native plugins compatible for Editor in 0.84 ms, found 1 plugins.
Preloading 0 native plugins for Editor in 0.00 ms.
Unloading 2826 Unused Serialized files (Serialized files now loaded: 0)
System memory in use before: 193.3 MB.
System memory in use after: 193.6 MB.

Unloading 8 unused Assets to reduce memory usage. Loaded Objects now: 3431.
Total: 4.301000 ms (FindLiveObjects: 0.616400 ms CreateObjectMapping: 0.174300 ms MarkObjects: 3.485200 ms  DeleteObjects: 0.023400 ms)

========================================================================
Received Prepare
Registering precompiled user dll's ...
Registered in 0.004041 seconds.
Begin MonoManager ReloadAssembly
Native extension for WindowsStandalone target not found
Refreshing native plugins compatible for Editor in 0.85 ms, found 1 plugins.
Preloading 0 native plugins for Editor in 0.00 ms.
Invoked RoslynAnalysisRunner static constructor.
RoslynAnalysisRunner will not be running.
RoslynAnalysisRunner has terminated.
Mono: successfully reloaded assembly
- Completed reload, in  1.623 seconds
Platform modules already initialized, skipping
Shader 'Universal Render Pipeline/Particles/Lit': fallback shader 'Universal Render Pipeline/Particles/SimpleLit' not found
Refreshing native plugins compatible for Editor in 0.91 ms, found 1 plugins.
Preloading 0 native plugins for Editor in 0.00 ms.
Unloading 2826 Unused Serialized files (Serialized files now loaded: 0)
System memory in use before: 193.3 MB.
System memory in use after: 193.6 MB.

Unloading 8 unused Assets to reduce memory usage. Loaded Objects now: 3434.
Total: 4.165900 ms (FindLiveObjects: 0.545200 ms CreateObjectMapping: 0.148700 ms MarkObjects: 3.431300 ms  DeleteObjects: 0.038800 ms)

========================================================================
Received Prepare
Registering precompiled user dll's ...
Registered in 0.002988 seconds.
Begin MonoManager ReloadAssembly
Native extension for WindowsStandalone target not found
Refreshing native plugins compatible for Editor in 0.79 ms, found 1 plugins.
Preloading 0 native plugins for Editor in 0.00 ms.
Invoked RoslynAnalysisRunner static constructor.
RoslynAnalysisRunner will not be running.
RoslynAnalysisRunner has terminated.
Mono: successfully reloaded assembly
- Completed reload, in  1.665 seconds
Platform modules already initialized, skipping
Shader 'Universal Render Pipeline/Particles/Lit': fallback shader 'Universal Render Pipeline/Particles/SimpleLit' not found
Refreshing native plugins compatible for Editor in 0.80 ms, found 1 plugins.
Preloading 0 native plugins for Editor in 0.00 ms.
Unloading 2826 Unused Serialized files (Serialized files now loaded: 0)
System memory in use before: 193.3 MB.
System memory in use after: 193.6 MB.

Unloading 8 unused Assets to reduce memory usage. Loaded Objects now: 3437.
Total: 3.554100 ms (FindLiveObjects: 0.573900 ms CreateObjectMapping: 0.158200 ms MarkObjects: 2.793500 ms  DeleteObjects: 0.027200 ms)

========================================================================
Received Prepare
Registering precompiled user dll's ...
Registered in 0.003034 seconds.
Begin MonoManager ReloadAssembly
Native extension for WindowsStandalone target not found
Refreshing native plugins compatible for Editor in 0.82 ms, found 1 plugins.
Preloading 0 native plugins for Editor in 0.00 ms.
Invoked RoslynAnalysisRunner static constructor.
RoslynAnalysisRunner will not be running.
RoslynAnalysisRunner has terminated.
Mono: successfully reloaded assembly
- Completed reload, in  1.677 seconds
Platform modules already initialized, skipping
Shader 'Universal Render Pipeline/Particles/Lit': fallback shader 'Universal Render Pipeline/Particles/SimpleLit' not found
Refreshing native plugins compatible for Editor in 0.78 ms, found 1 plugins.
Preloading 0 native plugins for Editor in 0.00 ms.
Unloading 2826 Unused Serialized files (Serialized files now loaded: 0)
System memory in use before: 193.3 MB.
System memory in use after: 193.6 MB.

Unloading 8 unused Assets to reduce memory usage. Loaded Objects now: 3440.
Total: 3.630500 ms (FindLiveObjects: 0.552400 ms CreateObjectMapping: 0.152800 ms MarkObjects: 2.897800 ms  DeleteObjects: 0.026400 ms)

========================================================================
Received Import Request.
  Time since last request: 3297.715144 seconds.
  path: Assets/Sounds/Titulo.png
  artifactKey: Guid(4b64b009fc8d3ea4f8a3a74ae227e25c) Importer(815301076,1909f56bfc062723c751e8b465ee728b)
Start importing Assets/Sounds/Titulo.png using Guid(4b64b009fc8d3ea4f8a3a74ae227e25c) Importer(815301076,1909f56bfc062723c751e8b465ee728b)  -> (artifact id: '25aad6cbf53c6be1ea48b07d8c35ef31') in 0.231469 seconds
  Import took 0.243303 seconds .

========================================================================
Received Import Request.
  Time since last request: 208.980713 seconds.
  path: Assets/Sounds/efecto-de-sonido.mp3
  artifactKey: Guid(7afb39640345df14d99fdbb3b98e7266) Importer(815301076,1909f56bfc062723c751e8b465ee728b)
Start importing Assets/Sounds/efecto-de-sonido.mp3 using Guid(7afb39640345df14d99fdbb3b98e7266) Importer(815301076,1909f56bfc062723c751e8b465ee728b)  -> (artifact id: '3de37e95fa42b5bf6083c2b656cab713') in 0.094863 seconds
  Import took 0.101933 seconds .

========================================================================
Received Import Request.
  Time since last request: 42.132047 seconds.
  path: Assets/Sounds/1615077400268_Ggg.mp3
  artifactKey: Guid(40851d5fb53e5874eab14251f8dced17) Importer(815301076,1909f56bfc062723c751e8b465ee728b)
Start importing Assets/Sounds/1615077400268_Ggg.mp3 using Guid(40851d5fb53e5874eab14251f8dced17) Importer(815301076,1909f56bfc062723c751e8b465ee728b)  -> (artifact id: '27a23d8189dee1441ff78247286c6740') in 0.016892 seconds
  Import took 0.024420 seconds .

========================================================================
Received Import Request.
  Time since last request: 0.001789 seconds.
  path: Assets/Sounds/1615077400268_Ggg.mp3
  artifactKey: Guid(40851d5fb53e5874eab14251f8dced17) Importer(815301076,1909f56bfc062723c751e8b465ee728b)
Start importing Assets/Sounds/1615077400268_Ggg.mp3 using Guid(40851d5fb53e5874eab14251f8dced17) Importer(815301076,1909f56bfc062723c751e8b465ee728b)  -> (artifact id: '27a23d8189dee1441ff78247286c6740') in 0.007218 seconds
  Import took 0.013964 seconds .

========================================================================
Received Prepare
Registering precompiled user dll's ...
Registered in 0.003960 seconds.
Begin MonoManager ReloadAssembly
Native extension for WindowsStandalone target not found
Refreshing native plugins compatible for Editor in 0.84 ms, found 1 plugins.
Preloading 0 native plugins for Editor in 0.00 ms.
Invoked RoslynAnalysisRunner static constructor.
RoslynAnalysisRunner will not be running.
RoslynAnalysisRunner has terminated.
Mono: successfully reloaded assembly
- Completed reload, in  1.888 seconds
Platform modules already initialized, skipping
Shader 'Universal Render Pipeline/Particles/Lit': fallback shader 'Universal Render Pipeline/Particles/SimpleLit' not found
Refreshing native plugins compatible for Editor in 0.89 ms, found 1 plugins.
Preloading 0 native plugins for Editor in 0.00 ms.
Unloading 2826 Unused Serialized files (Serialized files now loaded: 0)
System memory in use before: 196.4 MB.
System memory in use after: 196.6 MB.

Unloading 8 unused Assets to reduce memory usage. Loaded Objects now: 3454.
Total: 3.795800 ms (FindLiveObjects: 0.612000 ms CreateObjectMapping: 0.158400 ms MarkObjects: 2.996100 ms  DeleteObjects: 0.028200 ms)

========================================================================
Received Prepare
Registering precompiled user dll's ...
Registered in 0.002894 seconds.
Begin MonoManager ReloadAssembly
Native extension for WindowsStandalone target not found
Refreshing native plugins compatible for Editor in 0.92 ms, found 1 plugins.
Preloading 0 native plugins for Editor in 0.00 ms.
Invoked RoslynAnalysisRunner static constructor.
RoslynAnalysisRunner will not be running.
RoslynAnalysisRunner has terminated.
Mono: successfully reloaded assembly
- Completed reload, in  1.778 seconds
Platform modules already initialized, skipping
Shader 'Universal Render Pipeline/Particles/Lit': fallback shader 'Universal Render Pipeline/Particles/SimpleLit' not found
Refreshing native plugins compatible for Editor in 0.80 ms, found 1 plugins.
Preloading 0 native plugins for Editor in 0.00 ms.
Unloading 2826 Unused Serialized files (Serialized files now loaded: 0)
System memory in use before: 196.4 MB.
System memory in use after: 196.6 MB.

Unloading 8 unused Assets to reduce memory usage. Loaded Objects now: 3457.
Total: 3.623800 ms (FindLiveObjects: 0.580800 ms CreateObjectMapping: 0.161700 ms MarkObjects: 2.850900 ms  DeleteObjects: 0.028600 ms)

========================================================================
Received Prepare
Registering precompiled user dll's ...
Registered in 0.004946 seconds.
Begin MonoManager ReloadAssembly
Native extension for WindowsStandalone target not found
Refreshing native plugins compatible for Editor in 0.92 ms, found 1 plugins.
Preloading 0 native plugins for Editor in 0.00 ms.
Invoked RoslynAnalysisRunner static constructor.
RoslynAnalysisRunner will not be running.
RoslynAnalysisRunner has terminated.
Mono: successfully reloaded assembly
- Completed reload, in  1.729 seconds
Platform modules already initialized, skipping
Shader 'Universal Render Pipeline/Particles/Lit': fallback shader 'Universal Render Pipeline/Particles/SimpleLit' not found
Refreshing native plugins compatible for Editor in 0.88 ms, found 1 plugins.
Preloading 0 native plugins for Editor in 0.00 ms.
Unloading 2826 Unused Serialized files (Serialized files now loaded: 0)
System memory in use before: 196.4 MB.
System memory in use after: 196.6 MB.

Unloading 8 unused Assets to reduce memory usage. Loaded Objects now: 3460.
Total: 4.270100 ms (FindLiveObjects: 0.635800 ms CreateObjectMapping: 0.164800 ms MarkObjects: 3.435400 ms  DeleteObjects: 0.032500 ms)

========================================================================
Received Import Request.
  Time since last request: 491.934098 seconds.
  path: Assets/Sounds/Marino.mp3
  artifactKey: Guid(089087bb3a902214a8fd1953ed98f135) Importer(815301076,1909f56bfc062723c751e8b465ee728b)
Start importing Assets/Sounds/Marino.mp3 using Guid(089087bb3a902214a8fd1953ed98f135) Importer(815301076,1909f56bfc062723c751e8b465ee728b)  -> (artifact id: 'cb1ae54956bbc1a9a073c9634c8ce01b') in 0.034373 seconds
  Import took 0.040996 seconds .

========================================================================
Received Import Request.
  Time since last request: 0.006291 seconds.
  path: Assets/Sounds/Marino.mp3
  artifactKey: Guid(089087bb3a902214a8fd1953ed98f135) Importer(815301076,1909f56bfc062723c751e8b465ee728b)
Start importing Assets/Sounds/Marino.mp3 using Guid(089087bb3a902214a8fd1953ed98f135) Importer(815301076,1909f56bfc062723c751e8b465ee728b)  -> (artifact id: 'cb1ae54956bbc1a9a073c9634c8ce01b') in 0.007329 seconds
  Import took 0.016529 seconds .

AssetImportWorkerClient::OnTransportError - code=2 error=End of file
